2021-03-31 03:44:55.601765: I tensorflow/stream_executor/platform/default/dso_loader.cc:49] Successfully opened dynamic library libcudart.so.11.0

  You can now view your Streamlit app in your browser.

  Network URL: http://172.28.0.2:8501
  External URL: http://104.196.140.48:8501

  Stopping...
2021-03-31 04:24:48.944466: I tensorflow/stream_executor/platform/default/dso_loader.cc:49] Successfully opened dynamic library libcudart.so.11.0

  You can now view your Streamlit app in your browser.

  Network URL: http://172.28.0.2:8501
  External URL: http://104.196.140.48:8501

2021-03-31 04:24:50.798368: I tensorflow/compiler/jit/xla_cpu_device.cc:41] Not creating XLA devices, tf_xla_enable_xla_devices not set
2021-03-31 04:24:50.825111: I tensorflow/stream_executor/platform/default/dso_loader.cc:49] Successfully opened dynamic library libcuda.so.1
2021-03-31 04:24:50.885597: E tensorflow/stream_executor/cuda/cuda_driver.cc:328] failed call to cuInit: CUDA_ERROR_NO_DEVICE: no CUDA-capable device is detected
2021-03-31 04:24:50.885661: I tensorflow/stream_executor/cuda/cuda_diagnostics.cc:156] kernel driver does not appear to be running on this host (801d9c3b37ed): /proc/driver/nvidia/version does not exist
2021-03-31 04:24:50.886642: I tensorflow/compiler/jit/xla_gpu_device.cc:99] Not creating XLA devices, tf_xla_enable_xla_devices not set
  Stopping...
2021-03-31 04:27:58.734894: I tensorflow/stream_executor/platform/default/dso_loader.cc:49] Successfully opened dynamic library libcudart.so.11.0

  You can now view your Streamlit app in your browser.

  Network URL: http://172.28.0.2:8501
  External URL: http://104.196.140.48:8501

2021-03-31 04:28:00.553522: I tensorflow/compiler/jit/xla_cpu_device.cc:41] Not creating XLA devices, tf_xla_enable_xla_devices not set
2021-03-31 04:28:00.554711: I tensorflow/stream_executor/platform/default/dso_loader.cc:49] Successfully opened dynamic library libcuda.so.1
2021-03-31 04:28:00.566392: E tensorflow/stream_executor/cuda/cuda_driver.cc:328] failed call to cuInit: CUDA_ERROR_NO_DEVICE: no CUDA-capable device is detected
2021-03-31 04:28:00.566442: I tensorflow/stream_executor/cuda/cuda_diagnostics.cc:156] kernel driver does not appear to be running on this host (801d9c3b37ed): /proc/driver/nvidia/version does not exist
2021-03-31 04:28:00.567187: I tensorflow/compiler/jit/xla_gpu_device.cc:99] Not creating XLA devices, tf_xla_enable_xla_devices not set
  Stopping...
2021-03-31 04:43:52.426777: I tensorflow/stream_executor/platform/default/dso_loader.cc:49] Successfully opened dynamic library libcudart.so.11.0

  You can now view your Streamlit app in your browser.

  Network URL: http://172.28.0.2:8501
  External URL: http://104.196.140.48:8501

2021-03-31 04:43:54.070363: I tensorflow/compiler/jit/xla_cpu_device.cc:41] Not creating XLA devices, tf_xla_enable_xla_devices not set
2021-03-31 04:43:54.071447: I tensorflow/stream_executor/platform/default/dso_loader.cc:49] Successfully opened dynamic library libcuda.so.1
2021-03-31 04:43:54.082251: E tensorflow/stream_executor/cuda/cuda_driver.cc:328] failed call to cuInit: CUDA_ERROR_NO_DEVICE: no CUDA-capable device is detected
2021-03-31 04:43:54.082303: I tensorflow/stream_executor/cuda/cuda_diagnostics.cc:156] kernel driver does not appear to be running on this host (801d9c3b37ed): /proc/driver/nvidia/version does not exist
2021-03-31 04:43:54.083506: I tensorflow/compiler/jit/xla_gpu_device.cc:99] Not creating XLA devices, tf_xla_enable_xla_devices not set
  Stopping...
2021-03-31 04:46:53.883021: I tensorflow/stream_executor/platform/default/dso_loader.cc:49] Successfully opened dynamic library libcudart.so.11.0

  You can now view your Streamlit app in your browser.

  Network URL: http://172.28.0.2:8501
  External URL: http://104.196.140.48:8501

2021-03-31 04:46:55.740756: I tensorflow/compiler/jit/xla_cpu_device.cc:41] Not creating XLA devices, tf_xla_enable_xla_devices not set
2021-03-31 04:46:55.741840: I tensorflow/stream_executor/platform/default/dso_loader.cc:49] Successfully opened dynamic library libcuda.so.1
2021-03-31 04:46:55.754799: E tensorflow/stream_executor/cuda/cuda_driver.cc:328] failed call to cuInit: CUDA_ERROR_NO_DEVICE: no CUDA-capable device is detected
2021-03-31 04:46:55.754868: I tensorflow/stream_executor/cuda/cuda_diagnostics.cc:156] kernel driver does not appear to be running on this host (801d9c3b37ed): /proc/driver/nvidia/version does not exist
2021-03-31 04:46:55.755879: I tensorflow/compiler/jit/xla_gpu_device.cc:99] Not creating XLA devices, tf_xla_enable_xla_devices not set
  Stopping...
